0 info it worked if it ends with ok
1 verbose cli [ 'C:\\Program Files\\nodejs\\node.exe',
1 verbose cli   'C:\\Program Files\\nodejs\\node_modules\\npm\\bin\\npm-cli.js',
1 verbose cli   'install',
1 verbose cli   'gitbook-plugin-autocover' ]
2 info using npm@2.14.4
3 info using node@v4.1.2
4 verbose install initial load of D:\github\linux-c\package.json
5 verbose installManyTop reading scoped package data from D:\github\linux-c\node_modules\gitbook-plugin-disqus\package.json
6 info package.json gitbook-plugin-disqus@0.0.2 license should be a valid SPDX license expression
7 verbose readDependencies loading dependencies from D:\github\linux-c\package.json
8 silly cache add args [ 'gitbook-plugin-autocover', null ]
9 verbose cache add spec gitbook-plugin-autocover
10 silly cache add parsed spec Result {
10 silly cache add   raw: 'gitbook-plugin-autocover',
10 silly cache add   scope: null,
10 silly cache add   name: 'gitbook-plugin-autocover',
10 silly cache add   rawSpec: '',
10 silly cache add   spec: '*',
10 silly cache add   type: 'range' }
11 silly addNamed gitbook-plugin-autocover@*
12 verbose addNamed "*" is a valid semver range for gitbook-plugin-autocover
13 silly addNameRange { name: 'gitbook-plugin-autocover', range: '*', hasData: false }
14 silly mapToRegistry name gitbook-plugin-autocover
15 silly mapToRegistry using default registry
16 silly mapToRegistry registry https://registry.npmjs.org/
17 silly mapToRegistry uri https://registry.npmjs.org/gitbook-plugin-autocover
18 verbose addNameRange registry:https://registry.npmjs.org/gitbook-plugin-autocover not in flight; fetching
19 verbose request uri https://registry.npmjs.org/gitbook-plugin-autocover
20 verbose request no auth needed
21 info attempt registry request try #1 at 00:48:42
22 verbose request id de75755afa377a7d
23 verbose etag "ELJ9AVCP0G1PFR6LOF9H8GWGW"
24 http request GET https://registry.npmjs.org/gitbook-plugin-autocover
25 http 304 https://registry.npmjs.org/gitbook-plugin-autocover
26 silly get cb [ 304,
26 silly get   { date: 'Mon, 12 Oct 2015 16:48:41 GMT',
26 silly get     via: '1.1 varnish',
26 silly get     'cache-control': 'max-age=60',
26 silly get     etag: '"ELJ9AVCP0G1PFR6LOF9H8GWGW"',
26 silly get     age: '0',
26 silly get     connection: 'keep-alive',
26 silly get     'x-served-by': 'cache-itm7424-ITM',
26 silly get     'x-cache': 'MISS',
26 silly get     'x-cache-hits': '0',
26 silly get     'x-timer': 'S1444668521.355173,VS0,VE751',
26 silly get     vary: 'Accept' } ]
27 verbose etag https://registry.npmjs.org/gitbook-plugin-autocover from cache
28 verbose get saving gitbook-plugin-autocover to C:\Users\tommy\AppData\Roaming\npm-cache\registry.npmjs.org\gitbook-plugin-autocover\.cache.json
29 silly addNameRange number 2 { name: 'gitbook-plugin-autocover', range: '*', hasData: true }
30 silly addNameRange versions [ 'gitbook-plugin-autocover',
30 silly addNameRange   [ '0.0.1',
30 silly addNameRange     '0.0.2',
30 silly addNameRange     '0.0.3',
30 silly addNameRange     '0.0.4',
30 silly addNameRange     '0.0.5',
30 silly addNameRange     '1.0.0',
30 silly addNameRange     '1.0.1',
30 silly addNameRange     '1.0.2',
30 silly addNameRange     '1.0.3',
30 silly addNameRange     '1.1.0',
30 silly addNameRange     '1.1.1',
30 silly addNameRange     '1.2.0',
30 silly addNameRange     '1.2.1' ] ]
31 silly addNamed gitbook-plugin-autocover@1.2.1
32 verbose addNamed "1.2.1" is a plain semver version for gitbook-plugin-autocover
33 silly cache afterAdd gitbook-plugin-autocover@1.2.1
34 verbose afterAdd C:\Users\tommy\AppData\Roaming\npm-cache\gitbook-plugin-autocover\1.2.1\package\package.json not in flight; writing
35 verbose afterAdd C:\Users\tommy\AppData\Roaming\npm-cache\gitbook-plugin-autocover\1.2.1\package\package.json written
36 silly install resolved [ { name: 'gitbook-plugin-autocover',
36 silly install resolved     description: 'Generate a cover for a gitbook',
36 silly install resolved     main: 'index.js',
36 silly install resolved     version: '1.2.1',
36 silly install resolved     engines: { gitbook: '*' },
36 silly install resolved     dependencies: { canvas: '1.1.6', lodash: '2.4.1', q: '1.0.1' },
36 silly install resolved     homepage: 'https://github.com/GitbookIO/plugin-autocover',
36 silly install resolved     repository:
36 silly install resolved      { type: 'git',
36 silly install resolved        url: 'git+https://github.com/GitbookIO/plugin-autocover.git' },
36 silly install resolved     license: 'Apache 2',
36 silly install resolved     bugs: { url: 'https://github.com/GitbookIO/plugin-autocover/issues' },
36 silly install resolved     _id: 'gitbook-plugin-autocover@1.2.1',
36 silly install resolved     dist:
36 silly install resolved      { shasum: '801608af20cb351422edaff8623a36d23b7ee2ea',
36 silly install resolved        tarball: 'http://registry.npmjs.org/gitbook-plugin-autocover/-/gitbook-plugin-autocover-1.2.1.tgz' },
36 silly install resolved     _from: 'gitbook-plugin-autocover@*',
36 silly install resolved     _npmVersion: '1.4.6',
36 silly install resolved     _npmUser: { name: 'aarono', email: 'aaron.omullan@gmail.com' },
36 silly install resolved     maintainers: [ [Object], [Object] ],
36 silly install resolved     directories: {},
36 silly install resolved     _shasum: '801608af20cb351422edaff8623a36d23b7ee2ea',
36 silly install resolved     _resolved: 'https://registry.npmjs.org/gitbook-plugin-autocover/-/gitbook-plugin-autocover-1.2.1.tgz',
36 silly install resolved     readme: 'ERROR: No README data found!' } ]
37 info install gitbook-plugin-autocover@1.2.1 into D:\github\linux-c
38 info installOne gitbook-plugin-autocover@1.2.1
39 verbose installOne of gitbook-plugin-autocover to D:\github\linux-c not in flight; installing
40 verbose lock using C:\Users\tommy\AppData\Roaming\npm-cache\_locks\gitbook-plugin-autocover-e82c3e1ab526f30f.lock for D:\github\linux-c\node_modules\gitbook-plugin-autocover
41 silly install write writing gitbook-plugin-autocover 1.2.1 to D:\github\linux-c\node_modules\gitbook-plugin-autocover
42 verbose unbuild node_modules\gitbook-plugin-autocover
43 silly gentlyRm D:\github\linux-c\node_modules\gitbook-plugin-autocover is being purged from base D:\github\linux-c
44 verbose gentlyRm don't care about contents; nuking D:\github\linux-c\node_modules\gitbook-plugin-autocover
45 verbose tar unpack C:\Users\tommy\AppData\Roaming\npm-cache\gitbook-plugin-autocover\1.2.1\package.tgz
46 verbose tar unpacking to D:\github\linux-c\node_modules\gitbook-plugin-autocover
47 silly gentlyRm D:\github\linux-c\node_modules\gitbook-plugin-autocover is being purged
48 verbose gentlyRm don't care about contents; nuking D:\github\linux-c\node_modules\gitbook-plugin-autocover
49 silly gunzTarPerm modes [ '777', '666' ]
50 silly gunzTarPerm extractEntry package.json
51 silly gunzTarPerm modified mode [ 'package.json', 420, 438 ]
52 silly gunzTarPerm extractEntry .npmignore
53 silly gunzTarPerm modified mode [ '.npmignore', 420, 438 ]
54 silly gunzTarPerm extractEntry README.md
55 silly gunzTarPerm modified mode [ 'README.md', 420, 438 ]
56 silly gunzTarPerm extractEntry LICENSE
57 silly gunzTarPerm modified mode [ 'LICENSE', 420, 438 ]
58 silly gunzTarPerm extractEntry topic.js
59 silly gunzTarPerm modified mode [ 'topic.js', 420, 438 ]
60 silly gunzTarPerm extractEntry draw.js
61 silly gunzTarPerm modified mode [ 'draw.js', 420, 438 ]
62 silly gunzTarPerm extractEntry test.js
63 silly gunzTarPerm modified mode [ 'test.js', 420, 438 ]
64 silly gunzTarPerm extractEntry index.js
65 silly gunzTarPerm modified mode [ 'index.js', 420, 438 ]
66 silly gunzTarPerm extractEntry published-with-gitbook.png
67 silly gunzTarPerm modified mode [ 'published-with-gitbook.png', 420, 438 ]
68 silly gunzTarPerm extractEntry colors.json
69 silly gunzTarPerm modified mode [ 'colors.json', 420, 438 ]
70 silly gunzTarPerm extractEntry topics.json
71 silly gunzTarPerm modified mode [ 'topics.json', 420, 438 ]
72 verbose write writing to D:\github\linux-c\node_modules\gitbook-plugin-autocover\package.json
73 info preinstall gitbook-plugin-autocover@1.2.1
74 verbose readDependencies loading dependencies from D:\github\linux-c\node_modules\gitbook-plugin-autocover\package.json
75 silly prepareForInstallMany adding canvas@1.1.6 from gitbook-plugin-autocover dependencies
76 silly prepareForInstallMany adding lodash@2.4.1 from gitbook-plugin-autocover dependencies
77 silly prepareForInstallMany adding q@1.0.1 from gitbook-plugin-autocover dependencies
78 verbose readDependencies loading dependencies from D:\github\linux-c\node_modules\gitbook-plugin-autocover\package.json
79 silly cache add args [ 'canvas@1.1.6', null ]
80 verbose cache add spec canvas@1.1.6
81 silly cache add args [ 'lodash@2.4.1', null ]
82 verbose cache add spec lodash@2.4.1
83 silly cache add parsed spec Result {
83 silly cache add   raw: 'canvas@1.1.6',
83 silly cache add   scope: null,
83 silly cache add   name: 'canvas',
83 silly cache add   rawSpec: '1.1.6',
83 silly cache add   spec: '1.1.6',
83 silly cache add   type: 'version' }
84 silly addNamed canvas@1.1.6
85 verbose addNamed "1.1.6" is a plain semver version for canvas
86 silly mapToRegistry name canvas
87 silly mapToRegistry using default registry
88 silly mapToRegistry registry https://registry.npmjs.org/
89 silly mapToRegistry uri https://registry.npmjs.org/canvas
90 verbose addNameVersion registry:https://registry.npmjs.org/canvas not in flight; fetching
91 silly cache add parsed spec Result {
91 silly cache add   raw: 'lodash@2.4.1',
91 silly cache add   scope: null,
91 silly cache add   name: 'lodash',
91 silly cache add   rawSpec: '2.4.1',
91 silly cache add   spec: '2.4.1',
91 silly cache add   type: 'version' }
92 silly addNamed lodash@2.4.1
93 verbose addNamed "2.4.1" is a plain semver version for lodash
94 silly mapToRegistry name lodash
95 silly mapToRegistry using default registry
96 silly mapToRegistry registry https://registry.npmjs.org/
97 silly mapToRegistry uri https://registry.npmjs.org/lodash
98 verbose addNameVersion registry:https://registry.npmjs.org/lodash not in flight; fetching
99 silly cache add args [ 'q@1.0.1', null ]
100 verbose cache add spec q@1.0.1
101 silly cache add parsed spec Result {
101 silly cache add   raw: 'q@1.0.1',
101 silly cache add   scope: null,
101 silly cache add   name: 'q',
101 silly cache add   rawSpec: '1.0.1',
101 silly cache add   spec: '1.0.1',
101 silly cache add   type: 'version' }
102 silly addNamed q@1.0.1
103 verbose addNamed "1.0.1" is a plain semver version for q
104 silly mapToRegistry name q
105 silly mapToRegistry using default registry
106 silly mapToRegistry registry https://registry.npmjs.org/
107 silly mapToRegistry uri https://registry.npmjs.org/q
108 verbose addNameVersion registry:https://registry.npmjs.org/q not in flight; fetching
109 verbose request uri https://registry.npmjs.org/canvas
110 verbose request no auth needed
111 info attempt registry request try #1 at 00:48:44
112 verbose etag "2CLU9W5YI8G9A3DFKVCS7J0EK"
113 http request GET https://registry.npmjs.org/canvas
114 verbose request uri https://registry.npmjs.org/lodash
115 verbose request no auth needed
116 info attempt registry request try #1 at 00:48:44
117 verbose etag "3OXPSBLV6OWCY3IIMWZGLD7XC"
118 http request GET https://registry.npmjs.org/lodash
119 verbose request uri https://registry.npmjs.org/q
120 verbose request no auth needed
121 info attempt registry request try #1 at 00:48:44
122 verbose etag "1B5URBH5X7DJC5FCTCTWM81OL"
123 http request GET https://registry.npmjs.org/q
124 http 304 https://registry.npmjs.org/q
125 silly get cb [ 304,
125 silly get   { date: 'Mon, 12 Oct 2015 16:48:42 GMT',
125 silly get     via: '1.1 varnish',
125 silly get     'cache-control': 'max-age=60',
125 silly get     etag: '"1B5URBH5X7DJC5FCTCTWM81OL"',
125 silly get     age: '0',
125 silly get     connection: 'keep-alive',
125 silly get     'x-served-by': 'cache-itm7427-ITM',
125 silly get     'x-cache': 'HIT',
125 silly get     'x-cache-hits': '1',
125 silly get     'x-timer': 'S1444668522.687875,VS0,VE535',
125 silly get     vary: 'Accept' } ]
126 verbose etag https://registry.npmjs.org/q from cache
127 verbose get saving q to C:\Users\tommy\AppData\Roaming\npm-cache\registry.npmjs.org\q\.cache.json
128 http 304 https://registry.npmjs.org/lodash
129 silly get cb [ 304,
129 silly get   { date: 'Mon, 12 Oct 2015 16:48:42 GMT',
129 silly get     via: '1.1 varnish',
129 silly get     'cache-control': 'max-age=60',
129 silly get     etag: '"3OXPSBLV6OWCY3IIMWZGLD7XC"',
129 silly get     age: '0',
129 silly get     connection: 'keep-alive',
129 silly get     'x-served-by': 'cache-itm7426-ITM',
129 silly get     'x-cache': 'HIT',
129 silly get     'x-cache-hits': '1',
129 silly get     'x-timer': 'S1444668522.689734,VS0,VE555',
129 silly get     vary: 'Accept' } ]
130 verbose etag https://registry.npmjs.org/lodash from cache
131 verbose get saving lodash to C:\Users\tommy\AppData\Roaming\npm-cache\registry.npmjs.org\lodash\.cache.json
132 silly cache afterAdd q@1.0.1
133 verbose afterAdd C:\Users\tommy\AppData\Roaming\npm-cache\q\1.0.1\package\package.json not in flight; writing
134 silly cache afterAdd lodash@2.4.1
135 verbose afterAdd C:\Users\tommy\AppData\Roaming\npm-cache\lodash\2.4.1\package\package.json not in flight; writing
136 verbose afterAdd C:\Users\tommy\AppData\Roaming\npm-cache\q\1.0.1\package\package.json written
137 verbose afterAdd C:\Users\tommy\AppData\Roaming\npm-cache\lodash\2.4.1\package\package.json written
138 http 304 https://registry.npmjs.org/canvas
139 silly get cb [ 304,
139 silly get   { date: 'Mon, 12 Oct 2015 16:48:42 GMT',
139 silly get     via: '1.1 varnish',
139 silly get     'cache-control': 'max-age=60',
139 silly get     etag: '"2CLU9W5YI8G9A3DFKVCS7J0EK"',
139 silly get     age: '0',
139 silly get     connection: 'keep-alive',
139 silly get     'x-served-by': 'cache-itm7420-ITM',
139 silly get     'x-cache': 'MISS',
139 silly get     'x-cache-hits': '0',
139 silly get     'x-timer': 'S1444668522.682967,VS0,VE757',
139 silly get     vary: 'Accept' } ]
140 verbose etag https://registry.npmjs.org/canvas from cache
141 verbose get saving canvas to C:\Users\tommy\AppData\Roaming\npm-cache\registry.npmjs.org\canvas\.cache.json
142 silly cache afterAdd canvas@1.1.6
143 verbose afterAdd C:\Users\tommy\AppData\Roaming\npm-cache\canvas\1.1.6\package\package.json not in flight; writing
144 verbose afterAdd C:\Users\tommy\AppData\Roaming\npm-cache\canvas\1.1.6\package\package.json written
145 silly install resolved [ { name: 'q',
145 silly install resolved     version: '1.0.1',
145 silly install resolved     description: 'A library for promises (CommonJS/Promises/A,B,D)',
145 silly install resolved     homepage: 'https://github.com/kriskowal/q',
145 silly install resolved     author:
145 silly install resolved      { name: 'Kris Kowal',
145 silly install resolved        email: 'kris@cixar.com',
145 silly install resolved        url: 'https://github.com/kriskowal' },
145 silly install resolved     keywords:
145 silly install resolved      [ 'q',
145 silly install resolved        'promise',
145 silly install resolved        'promises',
145 silly install resolved        'promises-a',
145 silly install resolved        'promises-aplus',
145 silly install resolved        'deferred',
145 silly install resolved        'future',
145 silly install resolved        'async',
145 silly install resolved        'flow control',
145 silly install resolved        'fluent',
145 silly install resolved        'browser',
145 silly install resolved        'node' ],
145 silly install resolved     contributors: [ [Object], [Object], [Object] ],
145 silly install resolved     bugs: { url: 'http://github.com/kriskowal/q/issues' },
145 silly install resolved     license:
145 silly install resolved      { type: 'MIT',
145 silly install resolved        url: 'http://github.com/kriskowal/q/raw/master/LICENSE' },
145 silly install resolved     main: 'q.js',
145 silly install resolved     repository: { type: 'git', url: 'git://github.com/kriskowal/q.git' },
145 silly install resolved     engines: { node: '>=0.6.0', teleport: '>=0.2.0' },
145 silly install resolved     dependencies: {},
145 silly install resolved     devDependencies:
145 silly install resolved      { jshint: '~2.1.9',
145 silly install resolved        cover: '*',
145 silly install resolved        'jasmine-node': '1.11.0',
145 silly install resolved        opener: '*',
145 silly install resolved        'promises-aplus-tests': '1.x',
145 silly install resolved        grunt: '~0.4.1',
145 silly install resolved        'grunt-cli': '~0.1.9',
145 silly install resolved        'grunt-contrib-uglify': '~0.2.2',
145 silly install resolved        matcha: '~0.2.0' },
145 silly install resolved     scripts:
145 silly install resolved      { test: 'jasmine-node spec && promises-aplus-tests spec/aplus-adapter',
145 silly install resolved        'test-browser': 'opener spec/q-spec.html',
145 silly install resolved        benchmark: 'matcha',
145 silly install resolved        lint: 'jshint q.js',
145 silly install resolved        cover: 'cover run node_modules/jasmine-node/bin/jasmine-node spec && cover report html && opener cover_html/index.html',
145 silly install resolved        minify: 'grunt',
145 silly install resolved        prepublish: 'grunt' },
145 silly install resolved     overlay: { teleport: [Object] },
145 silly install resolved     directories: { test: './spec' },
145 silly install resolved     _id: 'q@1.0.1',
145 silly install resolved     dist:
145 silly install resolved      { shasum: '11872aeedee89268110b10a718448ffb10112a14',
145 silly install resolved        tarball: 'http://registry.npmjs.org/q/-/q-1.0.1.tgz' },
145 silly install resolved     _from: 'q@1.0.1',
145 silly install resolved     _npmVersion: '1.4.4',
145 silly install resolved     _npmUser: { name: 'kriskowal', email: 'kris.kowal@cixar.com' },
145 silly install resolved     maintainers: [ [Object], [Object] ],
145 silly install resolved     _shasum: '11872aeedee89268110b10a718448ffb10112a14',
145 silly install resolved     _resolved: 'https://registry.npmjs.org/q/-/q-1.0.1.tgz',
145 silly install resolved     readme: 'ERROR: No README data found!' },
145 silly install resolved   { name: 'lodash',
145 silly install resolved     version: '2.4.1',
145 silly install resolved     description: 'A utility library delivering consistency, customization, performance, & extras.',
145 silly install resolved     homepage: 'http://lodash.com/',
145 silly install resolved     license: 'MIT',
145 silly install resolved     main: 'dist/lodash.js',
145 silly install resolved     keywords:
145 silly install resolved      [ 'amd',
145 silly install resolved        'browser',
145 silly install resolved        'client',
145 silly install resolved        'customize',
145 silly install resolved        'functional',
145 silly install resolved        'server',
145 silly install resolved        'util' ],
145 silly install resolved     author:
145 silly install resolved      { name: 'John-David Dalton',
145 silly install resolved        email: 'john.david.dalton@gmail.com',
145 silly install resolved        url: 'http://allyoucanleet.com/' },
145 silly install resolved     contributors: [ [Object], [Object], [Object], [Object] ],
145 silly install resolved     bugs: { url: 'https://github.com/lodash/lodash/issues' },
145 silly install resolved     repository: { type: 'git', url: 'git+https://github.com/lodash/lodash.git' },
145 silly install resolved     engines: [ 'node', 'rhino' ],
145 silly install resolved     files:
145 silly install resolved      [ 'LICENSE.txt',
145 silly install resolved        'lodash.js',
145 silly install resolved        'dist/lodash.js',
145 silly install resolved        'dist/lodash.min.js',
145 silly install resolved        'dist/lodash.compat.js',
145 silly install resolved        'dist/lodash.compat.min.js',
145 silly install resolved        'dist/lodash.underscore.js',
145 silly install resolved        'dist/lodash.underscore.min.js' ],
145 silly install resolved     jam: { main: 'dist/lodash.compat.js', include: [Object] },
145 silly install resolved     volo: { type: 'directory', ignore: [Object] },
145 silly install resolved     _id: 'lodash@2.4.1',
145 silly install resolved     dist:
145 silly install resolved      { shasum: '5b7723034dda4d262e5a46fb2c58d7cc22f71420',
145 silly install resolved        tarball: 'http://registry.npmjs.org/lodash/-/lodash-2.4.1.tgz' },
145 silly install resolved     _from: 'lodash@2.4.1',
145 silly install resolved     _npmVersion: '1.3.14',
145 silly install resolved     _npmUser: { name: 'jdalton', email: 'john.david.dalton@gmail.com' },
145 silly install resolved     maintainers: [ [Object], [Object], [Object], [Object] ],
145 silly install resolved     directories: {},
145 silly install resolved     _shasum: '5b7723034dda4d262e5a46fb2c58d7cc22f71420',
145 silly install resolved     _resolved: 'https://registry.npmjs.org/lodash/-/lodash-2.4.1.tgz',
145 silly install resolved     readme: 'ERROR: No README data found!' },
145 silly install resolved   { name: 'canvas',
145 silly install resolved     description: 'Canvas graphics API backed by Cairo',
145 silly install resolved     version: '1.1.6',
145 silly install resolved     author: { name: 'TJ Holowaychuk', email: 'tj@learnboost.com' },
145 silly install resolved     contributors: [ [Object], [Object], [Object] ],
145 silly install resolved     keywords:
145 silly install resolved      [ 'canvas',
145 silly install resolved        'graphic',
145 silly install resolved        'graphics',
145 silly install resolved        'pixman',
145 silly install resolved        'cairo',
145 silly install resolved        'image',
145 silly install resolved        'images',
145 silly install resolved        'pdf' ],
145 silly install resolved     homepage: 'https://github.com/learnboost/node-canvas',
145 silly install resolved     repository:
145 silly install resolved      { type: 'git',
145 silly install resolved        url: 'git://github.com/learnboost/node-canvas.git' },
145 silly install resolved     scripts: { test: 'make test', install: 'node-gyp rebuild' },
145 silly install resolved     dependencies: { nan: '~1.2.0' },
145 silly install resolved     devDependencies: { express: '3.0', jade: '0.28.1', mocha: '*', should: '*' },
145 silly install resolved     engines: { node: '>= 0.6.0' },
145 silly install resolved     main: './lib/canvas.js',
145 silly install resolved     gypfile: true,
145 silly install resolved     gitHead: '138abe9aa30b75e8406ceddd9177bff20ac44ceb',
145 silly install resolved     bugs: { url: 'https://github.com/learnboost/node-canvas/issues' },
145 silly install resolved     _id: 'canvas@1.1.6',
145 silly install resolved     _shasum: 'd84b088f3bcd3840fe14977cd3625f5fe89f81ee',
145 silly install resolved     _from: 'canvas@1.1.6',
145 silly install resolved     _npmVersion: '1.4.21',
145 silly install resolved     _npmUser: { name: 'tootallnate', email: 'nathan@tootallnate.net' },
145 silly install resolved     maintainers: [ [Object], [Object], [Object], [Object] ],
145 silly install resolved     dist:
145 silly install resolved      { shasum: 'd84b088f3bcd3840fe14977cd3625f5fe89f81ee',
145 silly install resolved        tarball: 'http://registry.npmjs.org/canvas/-/canvas-1.1.6.tgz' },
145 silly install resolved     directories: {},
145 silly install resolved     _resolved: 'https://registry.npmjs.org/canvas/-/canvas-1.1.6.tgz',
145 silly install resolved     readme: 'ERROR: No README data found!' } ]
146 info install q@1.0.1 into D:\github\linux-c\node_modules\gitbook-plugin-autocover
147 info install lodash@2.4.1 into D:\github\linux-c\node_modules\gitbook-plugin-autocover
148 info install canvas@1.1.6 into D:\github\linux-c\node_modules\gitbook-plugin-autocover
149 info installOne q@1.0.1
150 verbose installOne of q to D:\github\linux-c\node_modules\gitbook-plugin-autocover not in flight; installing
151 info installOne lodash@2.4.1
152 verbose installOne of lodash to D:\github\linux-c\node_modules\gitbook-plugin-autocover not in flight; installing
153 info installOne canvas@1.1.6
154 verbose installOne of canvas to D:\github\linux-c\node_modules\gitbook-plugin-autocover not in flight; installing
155 verbose lock using C:\Users\tommy\AppData\Roaming\npm-cache\_locks\q-3e605a4455e1e771.lock for D:\github\linux-c\node_modules\gitbook-plugin-autocover\node_modules\q
156 silly install write writing q 1.0.1 to D:\github\linux-c\node_modules\gitbook-plugin-autocover\node_modules\q
157 verbose lock using C:\Users\tommy\AppData\Roaming\npm-cache\_locks\lodash-e9d78ba9b60d58c5.lock for D:\github\linux-c\node_modules\gitbook-plugin-autocover\node_modules\lodash
158 verbose lock using C:\Users\tommy\AppData\Roaming\npm-cache\_locks\canvas-b389666cf996470b.lock for D:\github\linux-c\node_modules\gitbook-plugin-autocover\node_modules\canvas
159 silly install write writing lodash 2.4.1 to D:\github\linux-c\node_modules\gitbook-plugin-autocover\node_modules\lodash
160 silly install write writing canvas 1.1.6 to D:\github\linux-c\node_modules\gitbook-plugin-autocover\node_modules\canvas
161 verbose unbuild node_modules\gitbook-plugin-autocover\node_modules\q
162 verbose unbuild node_modules\gitbook-plugin-autocover\node_modules\lodash
163 silly gentlyRm D:\github\linux-c\node_modules\gitbook-plugin-autocover\node_modules\q is being purged from base D:\github\linux-c
164 verbose gentlyRm don't care about contents; nuking D:\github\linux-c\node_modules\gitbook-plugin-autocover\node_modules\q
165 verbose unbuild node_modules\gitbook-plugin-autocover\node_modules\canvas
166 verbose tar unpack C:\Users\tommy\AppData\Roaming\npm-cache\q\1.0.1\package.tgz
167 verbose tar unpacking to D:\github\linux-c\node_modules\gitbook-plugin-autocover\node_modules\q
168 silly gentlyRm D:\github\linux-c\node_modules\gitbook-plugin-autocover\node_modules\q is being purged
169 verbose gentlyRm don't care about contents; nuking D:\github\linux-c\node_modules\gitbook-plugin-autocover\node_modules\q
170 silly gentlyRm D:\github\linux-c\node_modules\gitbook-plugin-autocover\node_modules\lodash is being purged from base D:\github\linux-c
171 verbose gentlyRm don't care about contents; nuking D:\github\linux-c\node_modules\gitbook-plugin-autocover\node_modules\lodash
172 silly gunzTarPerm modes [ '777', '666' ]
173 silly gentlyRm D:\github\linux-c\node_modules\gitbook-plugin-autocover\node_modules\canvas is being purged from base D:\github\linux-c
174 verbose gentlyRm don't care about contents; nuking D:\github\linux-c\node_modules\gitbook-plugin-autocover\node_modules\canvas
175 verbose tar unpack C:\Users\tommy\AppData\Roaming\npm-cache\lodash\2.4.1\package.tgz
176 verbose tar unpacking to D:\github\linux-c\node_modules\gitbook-plugin-autocover\node_modules\lodash
177 silly gentlyRm D:\github\linux-c\node_modules\gitbook-plugin-autocover\node_modules\lodash is being purged
178 verbose gentlyRm don't care about contents; nuking D:\github\linux-c\node_modules\gitbook-plugin-autocover\node_modules\lodash
179 verbose tar unpack C:\Users\tommy\AppData\Roaming\npm-cache\canvas\1.1.6\package.tgz
180 verbose tar unpacking to D:\github\linux-c\node_modules\gitbook-plugin-autocover\node_modules\canvas
181 silly gentlyRm D:\github\linux-c\node_modules\gitbook-plugin-autocover\node_modules\canvas is being purged
182 verbose gentlyRm don't care about contents; nuking D:\github\linux-c\node_modules\gitbook-plugin-autocover\node_modules\canvas
183 silly gunzTarPerm modes [ '777', '666' ]
184 silly gunzTarPerm modes [ '777', '666' ]
185 silly gunzTarPerm extractEntry package.json
186 silly gunzTarPerm modified mode [ 'package.json', 420, 438 ]
187 silly gunzTarPerm extractEntry package.json
188 silly gunzTarPerm modified mode [ 'package.json', 420, 438 ]
189 silly gunzTarPerm extractEntry package.json
190 silly gunzTarPerm modified mode [ 'package.json', 420, 438 ]
191 silly gunzTarPerm extractEntry README.md
192 silly gunzTarPerm modified mode [ 'README.md', 420, 438 ]
193 silly gunzTarPerm extractEntry LICENSE
194 silly gunzTarPerm modified mode [ 'LICENSE', 420, 438 ]
195 silly gunzTarPerm extractEntry q.js
196 silly gunzTarPerm modified mode [ 'q.js', 420, 438 ]
197 silly gunzTarPerm extractEntry queue.js
198 silly gunzTarPerm modified mode [ 'queue.js', 420, 438 ]
199 silly gunzTarPerm extractEntry CONTRIBUTING.md
200 silly gunzTarPerm modified mode [ 'CONTRIBUTING.md', 420, 438 ]
201 silly gunzTarPerm extractEntry benchmark/compare-with-callbacks.js
202 silly gunzTarPerm modified mode [ 'benchmark/compare-with-callbacks.js', 420, 438 ]
203 silly gunzTarPerm extractEntry benchmark/scenarios.js
204 silly gunzTarPerm modified mode [ 'benchmark/scenarios.js', 420, 438 ]
205 silly gunzTarPerm extractEntry README.md
206 silly gunzTarPerm modified mode [ 'README.md', 420, 438 ]
207 silly gunzTarPerm extractEntry lodash.js
208 silly gunzTarPerm modified mode [ 'lodash.js', 420, 438 ]
209 silly gunzTarPerm extractEntry .npmignore
210 silly gunzTarPerm modified mode [ '.npmignore', 420, 438 ]
211 silly gunzTarPerm extractEntry index.js
212 silly gunzTarPerm modified mode [ 'index.js', 420, 438 ]
213 silly gunzTarPerm extractEntry History.md
214 silly gunzTarPerm modified mode [ 'History.md', 420, 438 ]
215 silly gunzTarPerm extractEntry Makefile
216 silly gunzTarPerm modified mode [ 'Makefile', 420, 438 ]
217 silly gunzTarPerm extractEntry LICENSE.txt
218 silly gunzTarPerm modified mode [ 'LICENSE.txt', 420, 438 ]
219 silly gunzTarPerm extractEntry Readme.md
220 silly gunzTarPerm modified mode [ 'Readme.md', 420, 438 ]
221 silly gunzTarPerm extractEntry binding.gyp
222 silly gunzTarPerm modified mode [ 'binding.gyp', 420, 438 ]
223 silly gunzTarPerm extractEntry .gitmodules
224 silly gunzTarPerm modified mode [ '.gitmodules', 420, 438 ]
225 silly gunzTarPerm extractEntry dist/lodash.compat.js
226 silly gunzTarPerm modified mode [ 'dist/lodash.compat.js', 420, 438 ]
227 silly gunzTarPerm extractEntry dist/lodash.compat.min.js
228 silly gunzTarPerm modified mode [ 'dist/lodash.compat.min.js', 420, 438 ]
229 silly gunzTarPerm extractEntry dist/lodash.js
230 silly gunzTarPerm modified mode [ 'dist/lodash.js', 420, 438 ]
231 silly gunzTarPerm extractEntry dist/lodash.min.js
232 silly gunzTarPerm modified mode [ 'dist/lodash.min.js', 420, 438 ]
233 silly gunzTarPerm extractEntry install
234 silly gunzTarPerm modified mode [ 'install', 493, 511 ]
235 silly gunzTarPerm extractEntry lib/bindings.js
236 silly gunzTarPerm modified mode [ 'lib/bindings.js', 420, 438 ]
237 silly gunzTarPerm extractEntry dist/lodash.underscore.js
238 silly gunzTarPerm modified mode [ 'dist/lodash.underscore.js', 420, 438 ]
239 silly gunzTarPerm extractEntry lib/canvas.js
240 silly gunzTarPerm modified mode [ 'lib/canvas.js', 420, 438 ]
241 silly gunzTarPerm extractEntry lib/context2d.js
242 silly gunzTarPerm modified mode [ 'lib/context2d.js', 420, 438 ]
243 silly gunzTarPerm extractEntry dist/lodash.underscore.min.js
244 silly gunzTarPerm modified mode [ 'dist/lodash.underscore.min.js', 420, 438 ]
245 silly gunzTarPerm extractEntry lib/image.js
246 silly gunzTarPerm modified mode [ 'lib/image.js', 420, 438 ]
247 silly gunzTarPerm extractEntry lib/jpegstream.js
248 silly gunzTarPerm modified mode [ 'lib/jpegstream.js', 420, 438 ]
249 silly gunzTarPerm extractEntry lib/pixelarray.js
250 silly gunzTarPerm modified mode [ 'lib/pixelarray.js', 420, 438 ]
251 silly gunzTarPerm extractEntry lib/pngstream.js
252 silly gunzTarPerm modified mode [ 'lib/pngstream.js', 420, 438 ]
253 silly gunzTarPerm extractEntry src/Image.h
254 silly gunzTarPerm modified mode [ 'src/Image.h', 420, 438 ]
255 silly gunzTarPerm extractEntry src/Canvas.cc
256 silly gunzTarPerm modified mode [ 'src/Canvas.cc', 420, 438 ]
257 silly gunzTarPerm extractEntry src/CanvasGradient.cc
258 silly gunzTarPerm modified mode [ 'src/CanvasGradient.cc', 420, 438 ]
259 silly gunzTarPerm extractEntry src/CanvasGradient.h
260 silly gunzTarPerm modified mode [ 'src/CanvasGradient.h', 420, 438 ]
261 silly gunzTarPerm extractEntry src/CanvasPattern.cc
262 silly gunzTarPerm modified mode [ 'src/CanvasPattern.cc', 420, 438 ]
263 silly gunzTarPerm extractEntry src/CanvasPattern.h
264 silly gunzTarPerm modified mode [ 'src/CanvasPattern.h', 420, 438 ]
265 silly gunzTarPerm extractEntry src/CanvasRenderingContext2d.cc
266 silly gunzTarPerm modified mode [ 'src/CanvasRenderingContext2d.cc', 420, 438 ]
267 silly gunzTarPerm extractEntry src/CanvasRenderingContext2d.h
268 silly gunzTarPerm modified mode [ 'src/CanvasRenderingContext2d.h', 420, 438 ]
269 silly gunzTarPerm extractEntry src/FontFace.cc
270 silly gunzTarPerm modified mode [ 'src/FontFace.cc', 420, 438 ]
271 silly gunzTarPerm extractEntry src/FontFace.h
272 silly gunzTarPerm modified mode [ 'src/FontFace.h', 420, 438 ]
273 verbose write writing to D:\github\linux-c\node_modules\gitbook-plugin-autocover\node_modules\q\package.json
274 silly gunzTarPerm extractEntry src/Image.cc
275 silly gunzTarPerm modified mode [ 'src/Image.cc', 420, 438 ]
276 silly gunzTarPerm extractEntry src/Canvas.h
277 silly gunzTarPerm modified mode [ 'src/Canvas.h', 420, 438 ]
278 info preinstall q@1.0.1
279 verbose readDependencies loading dependencies from D:\github\linux-c\node_modules\gitbook-plugin-autocover\node_modules\q\package.json
280 verbose readDependencies loading dependencies from D:\github\linux-c\node_modules\gitbook-plugin-autocover\node_modules\q\package.json
281 silly gunzTarPerm extractEntry src/ImageData.cc
282 silly gunzTarPerm modified mode [ 'src/ImageData.cc', 420, 438 ]
283 silly gunzTarPerm extractEntry src/ImageData.h
284 silly gunzTarPerm modified mode [ 'src/ImageData.h', 420, 438 ]
285 silly install resolved []
286 verbose about to build D:\github\linux-c\node_modules\gitbook-plugin-autocover\node_modules\q
287 info build D:\github\linux-c\node_modules\gitbook-plugin-autocover\node_modules\q
288 info linkStuff q@1.0.1
289 silly linkStuff q@1.0.1 has D:\github\linux-c\node_modules\gitbook-plugin-autocover\node_modules as its parent node_modules
290 verbose linkBins q@1.0.1
291 verbose linkMans q@1.0.1
292 verbose rebuildBundles q@1.0.1
293 info install q@1.0.1
294 silly gunzTarPerm extractEntry src/JPEGStream.h
295 silly gunzTarPerm modified mode [ 'src/JPEGStream.h', 420, 438 ]
296 silly gunzTarPerm extractEntry src/PNG.h
297 silly gunzTarPerm modified mode [ 'src/PNG.h', 420, 438 ]
298 info postinstall q@1.0.1
299 verbose unlock done using C:\Users\tommy\AppData\Roaming\npm-cache\_locks\q-3e605a4455e1e771.lock for D:\github\linux-c\node_modules\gitbook-plugin-autocover\node_modules\q
300 silly gunzTarPerm extractEntry src/PixelArray.cc
301 silly gunzTarPerm modified mode [ 'src/PixelArray.cc', 420, 438 ]
302 silly gunzTarPerm extractEntry src/PixelArray.h
303 silly gunzTarPerm modified mode [ 'src/PixelArray.h', 420, 438 ]
304 silly gunzTarPerm extractEntry src/Point.h
305 silly gunzTarPerm modified mode [ 'src/Point.h', 420, 438 ]
306 silly gunzTarPerm extractEntry src/closure.h
307 silly gunzTarPerm modified mode [ 'src/closure.h', 420, 438 ]
308 silly gunzTarPerm extractEntry src/color.cc
309 silly gunzTarPerm modified mode [ 'src/color.cc', 420, 438 ]
310 silly gunzTarPerm extractEntry src/color.h
311 silly gunzTarPerm modified mode [ 'src/color.h', 420, 438 ]
312 silly gunzTarPerm extractEntry src/init.cc
313 silly gunzTarPerm modified mode [ 'src/init.cc', 493, 511 ]
314 silly gunzTarPerm extractEntry .travis.yml
315 silly gunzTarPerm modified mode [ '.travis.yml', 420, 438 ]
316 silly gunzTarPerm extractEntry util/cairo_include.sh
317 silly gunzTarPerm modified mode [ 'util/cairo_include.sh', 493, 511 ]
318 silly gunzTarPerm extractEntry util/has_cairo_freetype.sh
319 silly gunzTarPerm modified mode [ 'util/has_cairo_freetype.sh', 493, 511 ]
320 silly gunzTarPerm extractEntry util/has_lib.sh
321 silly gunzTarPerm modified mode [ 'util/has_lib.sh', 493, 511 ]
322 silly gunzTarPerm extractEntry util/lib_lookup.sh
323 silly gunzTarPerm modified mode [ 'util/lib_lookup.sh', 493, 511 ]
324 verbose write writing to D:\github\linux-c\node_modules\gitbook-plugin-autocover\node_modules\canvas\package.json
325 info preinstall canvas@1.1.6
326 verbose readDependencies loading dependencies from D:\github\linux-c\node_modules\gitbook-plugin-autocover\node_modules\canvas\package.json
327 silly prepareForInstallMany adding nan@~1.2.0 from canvas dependencies
328 verbose readDependencies loading dependencies from D:\github\linux-c\node_modules\gitbook-plugin-autocover\node_modules\canvas\package.json
329 silly cache add args [ 'nan@~1.2.0', null ]
330 verbose cache add spec nan@~1.2.0
331 silly cache add parsed spec Result {
331 silly cache add   raw: 'nan@~1.2.0',
331 silly cache add   scope: null,
331 silly cache add   name: 'nan',
331 silly cache add   rawSpec: '~1.2.0',
331 silly cache add   spec: '>=1.2.0 <1.3.0',
331 silly cache add   type: 'range' }
332 silly addNamed nan@>=1.2.0 <1.3.0
333 verbose addNamed ">=1.2.0 <1.3.0" is a valid semver range for nan
334 silly addNameRange { name: 'nan', range: '>=1.2.0 <1.3.0', hasData: false }
335 silly mapToRegistry name nan
336 silly mapToRegistry using default registry
337 silly mapToRegistry registry https://registry.npmjs.org/
338 silly mapToRegistry uri https://registry.npmjs.org/nan
339 verbose addNameRange registry:https://registry.npmjs.org/nan not in flight; fetching
340 verbose request uri https://registry.npmjs.org/nan
341 verbose request no auth needed
342 info attempt registry request try #1 at 00:48:45
343 verbose etag "EEJEYBDBWDA07LWTXUI68JUWL"
344 http request GET https://registry.npmjs.org/nan
345 verbose write writing to D:\github\linux-c\node_modules\gitbook-plugin-autocover\node_modules\lodash\package.json
346 info preinstall lodash@2.4.1
347 verbose readDependencies loading dependencies from D:\github\linux-c\node_modules\gitbook-plugin-autocover\node_modules\lodash\package.json
348 verbose readDependencies loading dependencies from D:\github\linux-c\node_modules\gitbook-plugin-autocover\node_modules\lodash\package.json
349 silly install resolved []
350 verbose about to build D:\github\linux-c\node_modules\gitbook-plugin-autocover\node_modules\lodash
351 info build D:\github\linux-c\node_modules\gitbook-plugin-autocover\node_modules\lodash
352 info linkStuff lodash@2.4.1
353 silly linkStuff lodash@2.4.1 has D:\github\linux-c\node_modules\gitbook-plugin-autocover\node_modules as its parent node_modules
354 verbose linkBins lodash@2.4.1
355 verbose linkMans lodash@2.4.1
356 verbose rebuildBundles lodash@2.4.1
357 info install lodash@2.4.1
358 info postinstall lodash@2.4.1
359 verbose unlock done using C:\Users\tommy\AppData\Roaming\npm-cache\_locks\lodash-e9d78ba9b60d58c5.lock for D:\github\linux-c\node_modules\gitbook-plugin-autocover\node_modules\lodash
360 http 304 https://registry.npmjs.org/nan
361 silly get cb [ 304,
361 silly get   { date: 'Mon, 12 Oct 2015 16:48:44 GMT',
361 silly get     via: '1.1 varnish',
361 silly get     'cache-control': 'max-age=60',
361 silly get     etag: '"EEJEYBDBWDA07LWTXUI68JUWL"',
361 silly get     age: '0',
361 silly get     connection: 'keep-alive',
361 silly get     'x-served-by': 'cache-itm7426-ITM',
361 silly get     'x-cache': 'HIT',
361 silly get     'x-cache-hits': '1',
361 silly get     'x-timer': 'S1444668524.083327,VS0,VE544',
361 silly get     vary: 'Accept' } ]
362 verbose etag https://registry.npmjs.org/nan from cache
363 verbose get saving nan to C:\Users\tommy\AppData\Roaming\npm-cache\registry.npmjs.org\nan\.cache.json
364 silly addNameRange number 2 { name: 'nan', range: '>=1.2.0 <1.3.0', hasData: true }
365 silly addNameRange versions [ 'nan',
365 silly addNameRange   [ '0.3.0-wip',
365 silly addNameRange     '0.3.0-wip2',
365 silly addNameRange     '0.3.0',
365 silly addNameRange     '0.3.1',
365 silly addNameRange     '0.3.2',
365 silly addNameRange     '0.4.0',
365 silly addNameRange     '0.4.1',
365 silly addNameRange     '0.4.2',
365 silly addNameRange     '0.4.3',
365 silly addNameRange     '0.4.4',
365 silly addNameRange     '0.5.0',
365 silly addNameRange     '0.5.1',
365 silly addNameRange     '0.5.2',
365 silly addNameRange     '0.6.0',
365 silly addNameRange     '0.7.0',
365 silly addNameRange     '0.7.1',
365 silly addNameRange     '0.8.0',
365 silly addNameRange     '1.0.0',
365 silly addNameRange     '1.1.0',
365 silly addNameRange     '1.1.1',
365 silly addNameRange     '1.1.2',
365 silly addNameRange     '1.2.0',
365 silly addNameRange     '1.3.0',
365 silly addNameRange     '1.4.0',
365 silly addNameRange     '1.4.1',
365 silly addNameRange     '1.5.0',
365 silly addNameRange     '1.4.2',
365 silly addNameRange     '1.4.3',
365 silly addNameRange     '1.5.1',
365 silly addNameRange     '1.5.2',
365 silly addNameRange     '1.6.0',
365 silly addNameRange     '1.5.3',
365 silly addNameRange     '1.6.1',
365 silly addNameRange     '1.6.2',
365 silly addNameRange     '1.7.0',
365 silly addNameRange     '1.8.0',
365 silly addNameRange     '1.8.1',
365 silly addNameRange     '1.8.2',
365 silly addNameRange     '1.8.3',
365 silly addNameRange     '1.8.4',
365 silly addNameRange     '1.9.0',
365 silly addNameRange     '2.0.0',
365 silly addNameRange     '2.0.1',
365 silly addNameRange     '2.0.2',
365 silly addNameRange     '2.0.3',
365 silly addNameRange     '2.0.4',
365 silly addNameRange     '2.0.5',
365 silly addNameRange     '2.0.6',
365 silly addNameRange     '2.0.7',
365 silly addNameRange     '2.0.8',
365 silly addNameRange     '2.0.9',
365 silly addNameRange     '2.1.0' ] ]
366 silly addNamed nan@1.2.0
367 verbose addNamed "1.2.0" is a plain semver version for nan
368 silly cache afterAdd nan@1.2.0
369 verbose afterAdd C:\Users\tommy\AppData\Roaming\npm-cache\nan\1.2.0\package\package.json not in flight; writing
370 verbose afterAdd C:\Users\tommy\AppData\Roaming\npm-cache\nan\1.2.0\package\package.json written
371 silly install resolved [ { name: 'nan',
371 silly install resolved     version: '1.2.0',
371 silly install resolved     description: 'Native Abstractions for Node.js: C++ header for Node 0.8->0.12 compatibility',
371 silly install resolved     main: 'include_dirs.js',
371 silly install resolved     repository: { type: 'git', url: 'git://github.com/rvagg/nan.git' },
371 silly install resolved     contributors: [ [Object], [Object], [Object], [Object], [Object], [Object] ],
371 silly install resolved     license: 'MIT',
371 silly install resolved     bugs: { url: 'https://github.com/rvagg/nan/issues' },
371 silly install resolved     homepage: 'https://github.com/rvagg/nan',
371 silly install resolved     _id: 'nan@1.2.0',
371 silly install resolved     dist:
371 silly install resolved      { shasum: '9c4d63ce9e4f8e95de2d574e18f7925554a8a8ef',
371 silly install resolved        tarball: 'http://registry.npmjs.org/nan/-/nan-1.2.0.tgz' },
371 silly install resolved     _from: 'nan@>=1.2.0 <1.3.0',
371 silly install resolved     _npmVersion: '1.4.3',
371 silly install resolved     _npmUser: { name: 'rvagg', email: 'rod@vagg.org' },
371 silly install resolved     maintainers: [ [Object] ],
371 silly install resolved     directories: {},
371 silly install resolved     _shasum: '9c4d63ce9e4f8e95de2d574e18f7925554a8a8ef',
371 silly install resolved     _resolved: 'https://registry.npmjs.org/nan/-/nan-1.2.0.tgz',
371 silly install resolved     readme: 'ERROR: No README data found!' } ]
372 info install nan@1.2.0 into D:\github\linux-c\node_modules\gitbook-plugin-autocover\node_modules\canvas
373 info installOne nan@1.2.0
374 verbose installOne of nan to D:\github\linux-c\node_modules\gitbook-plugin-autocover\node_modules\canvas not in flight; installing
375 verbose lock using C:\Users\tommy\AppData\Roaming\npm-cache\_locks\nan-b4e8137b99b8766e.lock for D:\github\linux-c\node_modules\gitbook-plugin-autocover\node_modules\canvas\node_modules\nan
376 silly install write writing nan 1.2.0 to D:\github\linux-c\node_modules\gitbook-plugin-autocover\node_modules\canvas\node_modules\nan
377 verbose unbuild node_modules\gitbook-plugin-autocover\node_modules\canvas\node_modules\nan
378 silly gentlyRm D:\github\linux-c\node_modules\gitbook-plugin-autocover\node_modules\canvas\node_modules\nan is being purged from base D:\github\linux-c
379 verbose gentlyRm don't care about contents; nuking D:\github\linux-c\node_modules\gitbook-plugin-autocover\node_modules\canvas\node_modules\nan
380 verbose tar unpack C:\Users\tommy\AppData\Roaming\npm-cache\nan\1.2.0\package.tgz
381 verbose tar unpacking to D:\github\linux-c\node_modules\gitbook-plugin-autocover\node_modules\canvas\node_modules\nan
382 silly gentlyRm D:\github\linux-c\node_modules\gitbook-plugin-autocover\node_modules\canvas\node_modules\nan is being purged
383 verbose gentlyRm don't care about contents; nuking D:\github\linux-c\node_modules\gitbook-plugin-autocover\node_modules\canvas\node_modules\nan
384 silly gunzTarPerm modes [ '777', '666' ]
385 silly gunzTarPerm extractEntry package.json
386 silly gunzTarPerm modified mode [ 'package.json', 420, 438 ]
387 silly gunzTarPerm extractEntry README.md
388 silly gunzTarPerm modified mode [ 'README.md', 420, 438 ]
389 silly gunzTarPerm extractEntry LICENSE
390 silly gunzTarPerm modified mode [ 'LICENSE', 420, 438 ]
391 silly gunzTarPerm extractEntry include_dirs.js
392 silly gunzTarPerm modified mode [ 'include_dirs.js', 420, 438 ]
393 silly gunzTarPerm extractEntry .dntrc
394 silly gunzTarPerm modified mode [ '.dntrc', 420, 438 ]
395 silly gunzTarPerm extractEntry build/config.gypi
396 silly gunzTarPerm modified mode [ 'build/config.gypi', 420, 438 ]
397 silly gunzTarPerm extractEntry nan.h
398 silly gunzTarPerm modified mode [ 'nan.h', 420, 438 ]
399 verbose write writing to D:\github\linux-c\node_modules\gitbook-plugin-autocover\node_modules\canvas\node_modules\nan\package.json
400 info preinstall nan@1.2.0
401 verbose readDependencies loading dependencies from D:\github\linux-c\node_modules\gitbook-plugin-autocover\node_modules\canvas\node_modules\nan\package.json
402 verbose readDependencies loading dependencies from D:\github\linux-c\node_modules\gitbook-plugin-autocover\node_modules\canvas\node_modules\nan\package.json
403 silly install resolved []
404 verbose about to build D:\github\linux-c\node_modules\gitbook-plugin-autocover\node_modules\canvas\node_modules\nan
405 info build D:\github\linux-c\node_modules\gitbook-plugin-autocover\node_modules\canvas\node_modules\nan
406 info linkStuff nan@1.2.0
407 silly linkStuff nan@1.2.0 has D:\github\linux-c\node_modules\gitbook-plugin-autocover\node_modules\canvas\node_modules as its parent node_modules
408 verbose linkBins nan@1.2.0
409 verbose linkMans nan@1.2.0
410 verbose rebuildBundles nan@1.2.0
411 info install nan@1.2.0
412 info postinstall nan@1.2.0
413 verbose unlock done using C:\Users\tommy\AppData\Roaming\npm-cache\_locks\nan-b4e8137b99b8766e.lock for D:\github\linux-c\node_modules\gitbook-plugin-autocover\node_modules\canvas\node_modules\nan
414 verbose about to build D:\github\linux-c\node_modules\gitbook-plugin-autocover\node_modules\canvas
415 info build D:\github\linux-c\node_modules\gitbook-plugin-autocover\node_modules\canvas
416 info linkStuff canvas@1.1.6
417 silly linkStuff canvas@1.1.6 has D:\github\linux-c\node_modules\gitbook-plugin-autocover\node_modules as its parent node_modules
418 verbose linkBins canvas@1.1.6
419 verbose linkMans canvas@1.1.6
420 verbose rebuildBundles canvas@1.1.6
421 verbose rebuildBundles [ 'nan' ]
422 info install canvas@1.1.6
423 verbose unsafe-perm in lifecycle true
424 info canvas@1.1.6 Failed to exec install script
425 verbose unlock done using C:\Users\tommy\AppData\Roaming\npm-cache\_locks\canvas-b389666cf996470b.lock for D:\github\linux-c\node_modules\gitbook-plugin-autocover\node_modules\canvas
426 verbose about to build D:\github\linux-c\node_modules\gitbook-plugin-autocover
427 verbose unlock done using C:\Users\tommy\AppData\Roaming\npm-cache\_locks\gitbook-plugin-autocover-e82c3e1ab526f30f.lock for D:\github\linux-c\node_modules\gitbook-plugin-autocover
428 verbose stack Error: canvas@1.1.6 install: `node-gyp rebuild`
428 verbose stack Exit status 1
428 verbose stack     at EventEmitter.<anonymous> (C:\Program Files\nodejs\node_modules\npm\lib\utils\lifecycle.js:214:16)
428 verbose stack     at emitTwo (events.js:87:13)
428 verbose stack     at EventEmitter.emit (events.js:172:7)
428 verbose stack     at ChildProcess.<anonymous> (C:\Program Files\nodejs\node_modules\npm\lib\utils\spawn.js:24:14)
428 verbose stack     at emitTwo (events.js:87:13)
428 verbose stack     at ChildProcess.emit (events.js:172:7)
428 verbose stack     at maybeClose (internal/child_process.js:818:16)
428 verbose stack     at Process.ChildProcess._handle.onexit (internal/child_process.js:211:5)
429 verbose pkgid canvas@1.1.6
430 verbose cwd D:\github\linux-c
431 error Windows_NT 6.3.9600
432 error argv "C:\\Program Files\\nodejs\\node.exe" "C:\\Program Files\\nodejs\\node_modules\\npm\\bin\\npm-cli.js" "install" "gitbook-plugin-autocover"
433 error node v4.1.2
434 error npm  v2.14.4
435 error code ELIFECYCLE
436 error canvas@1.1.6 install: `node-gyp rebuild`
436 error Exit status 1
437 error Failed at the canvas@1.1.6 install script 'node-gyp rebuild'.
437 error This is most likely a problem with the canvas package,
437 error not with npm itself.
437 error Tell the author that this fails on your system:
437 error     node-gyp rebuild
437 error You can get their info via:
437 error     npm owner ls canvas
437 error There is likely additional logging output above.
438 verbose exit [ 1, true ]
439 verbose unbuild node_modules\gitbook-plugin-autocover\node_modules\canvas
440 info preuninstall canvas@1.1.6
441 info uninstall canvas@1.1.6
442 verbose unbuild rmStuff canvas@1.1.6 from D:\github\linux-c\node_modules
443 verbose unbuild rmStuff in D:\github\linux-c\node_modules\gitbook-plugin-autocover\node_modules
444 info postuninstall canvas@1.1.6
445 silly gentlyRm D:\github\linux-c\node_modules\gitbook-plugin-autocover\node_modules\canvas is being purged from base D:\github\linux-c
446 verbose gentlyRm don't care about contents; nuking D:\github\linux-c\node_modules\gitbook-plugin-autocover\node_modules\canvas
447 silly vacuum-fs purging D:\github\linux-c\node_modules\gitbook-plugin-autocover\node_modules\canvas
448 silly vacuum-fs quitting because other entries in D:\github\linux-c\node_modules\gitbook-plugin-autocover\node_modules
449 verbose unbuild node_modules\gitbook-plugin-autocover
450 info preuninstall gitbook-plugin-autocover@1.2.1
451 info uninstall gitbook-plugin-autocover@1.2.1
452 verbose unbuild rmStuff gitbook-plugin-autocover@1.2.1 from D:\github\linux-c\node_modules
453 info postuninstall gitbook-plugin-autocover@1.2.1
454 silly gentlyRm D:\github\linux-c\node_modules\gitbook-plugin-autocover is being purged from base D:\github\linux-c
455 verbose gentlyRm don't care about contents; nuking D:\github\linux-c\node_modules\gitbook-plugin-autocover
456 silly vacuum-fs purging D:\github\linux-c\node_modules\gitbook-plugin-autocover
457 silly vacuum-fs quitting because other entries in D:\github\linux-c\node_modules
